<?xml version="1.0" encoding="UTF-8"?>
<!-- Generated by org.testng.reporters.JUnitReportReporter -->
<testsuite hostname="EPINPUNW039D" failures="0" tests="1" name="epam.com.SeleniumTool.SeleniumGrid.TestLoginPageHRM$TestOrangeHRMLoginPage" time="5.067" errors="0" timestamp="2022-02-23T09:51:31 IST" skipped="0">
  <testcase classname="epam.com.SeleniumTool.SeleniumGrid.TestLoginPageHRM$TestOrangeHRMLoginPage" name="creatingdriver" time="5.067"/>
  <system-out/>
</testsuite> <!-- epam.com.SeleniumTool.SeleniumGrid.TestLoginPageHRM$TestOrangeHRMLoginPage -->
