<?xml version="1.0" encoding="UTF-8"?>
<!-- Generated by org.testng.reporters.JUnitReportReporter -->
<testsuite hostname="EPINPUNW039D" failures="0" tests="1" name="epam.com.SeleniumSauce.SeleniumExtendReport" time="5.792" errors="0" timestamp="2022-02-22T15:57:51 IST" skipped="0">
  <testcase classname="epam.com.SeleniumSauce.SeleniumExtendReport" name="testLogin" time="5.792"/>
  <system-out/>
</testsuite> <!-- epam.com.SeleniumSauce.SeleniumExtendReport -->
