<?xml version="1.0" encoding="UTF-8"?>
<!-- Generated by org.testng.reporters.JUnitReportReporter -->
<testsuite hostname="EPINPUNW039D" failures="0" tests="33" name="epam.com.CucumberBdd.feature.CalculatorImpl" time="4.357" errors="0" timestamp="2022-03-02T23:27:21 IST" skipped="0">
  <testcase classname="epam.com.CucumberBdd.feature.CalculatorImpl" name="runScenario" time="0.161"/>
  <system-out/>
  <testcase classname="epam.com.CucumberBdd.feature.CalculatorImpl" name="runScenario" time="0.063"/>
  <system-out/>
  <testcase classname="epam.com.CucumberBdd.feature.CalculatorImpl" name="runScenario" time="0.357"/>
  <system-out/>
  <testcase classname="epam.com.CucumberBdd.feature.CalculatorImpl" name="runScenario" time="0.116"/>
  <system-out/>
  <testcase classname="epam.com.CucumberBdd.feature.CalculatorImpl" name="runScenario" time="0.076"/>
  <system-out/>
  <testcase classname="epam.com.CucumberBdd.feature.CalculatorImpl" name="runScenario" time="0.216"/>
  <system-out/>
  <testcase classname="epam.com.CucumberBdd.feature.CalculatorImpl" name="runScenario" time="0.182"/>
  <system-out/>
  <testcase classname="epam.com.CucumberBdd.feature.CalculatorImpl" name="runScenario" time="0.180"/>
  <system-out/>
  <testcase classname="epam.com.CucumberBdd.feature.CalculatorImpl" name="runScenario" time="0.086"/>
  <system-out/>
  <testcase classname="epam.com.CucumberBdd.feature.CalculatorImpl" name="runScenario" time="0.158"/>
  <system-out/>
  <testcase classname="epam.com.CucumberBdd.feature.CalculatorImpl" name="runScenario" time="0.031"/>
  <system-out/>
  <testcase classname="epam.com.CucumberBdd.feature.CalculatorImpl" name="runScenario" time="0.079"/>
  <system-out/>
  <testcase classname="epam.com.CucumberBdd.feature.CalculatorImpl" name="runScenario" time="0.069"/>
  <system-out/>
  <testcase classname="epam.com.CucumberBdd.feature.CalculatorImpl" name="runScenario" time="0.099"/>
  <system-out/>
  <testcase classname="epam.com.CucumberBdd.feature.CalculatorImpl" name="runScenario" time="0.159"/>
  <system-out/>
  <testcase classname="epam.com.CucumberBdd.feature.CalculatorImpl" name="runScenario" time="0.067"/>
  <system-out/>
  <testcase classname="epam.com.CucumberBdd.feature.CalculatorImpl" name="runScenario" time="0.466"/>
  <system-out/>
  <testcase classname="epam.com.CucumberBdd.feature.CalculatorImpl" name="runScenario" time="0.095"/>
  <system-out/>
  <testcase classname="epam.com.CucumberBdd.feature.CalculatorImpl" name="runScenario" time="0.172"/>
  <system-out/>
  <testcase classname="epam.com.CucumberBdd.feature.CalculatorImpl" name="runScenario" time="0.160"/>
  <system-out/>
  <testcase classname="epam.com.CucumberBdd.feature.CalculatorImpl" name="runScenario" time="0.080"/>
  <system-out/>
  <testcase classname="epam.com.CucumberBdd.feature.CalculatorImpl" name="runScenario" time="0.169"/>
  <system-out/>
  <testcase classname="epam.com.CucumberBdd.feature.CalculatorImpl" name="runScenario" time="0.174"/>
  <system-out/>
  <testcase classname="epam.com.CucumberBdd.feature.CalculatorImpl" name="runScenario" time="0.110"/>
  <system-out/>
  <testcase classname="epam.com.CucumberBdd.feature.CalculatorImpl" name="runScenario" time="0.156"/>
  <system-out/>
  <testcase classname="epam.com.CucumberBdd.feature.CalculatorImpl" name="runScenario" time="0.164"/>
  <system-out/>
  <testcase classname="epam.com.CucumberBdd.feature.CalculatorImpl" name="runScenario" time="0.073"/>
  <system-out/>
  <testcase classname="epam.com.CucumberBdd.feature.CalculatorImpl" name="runScenario" time="0.072"/>
  <system-out/>
  <testcase classname="epam.com.CucumberBdd.feature.CalculatorImpl" name="runScenario" time="0.073"/>
  <system-out/>
  <testcase classname="epam.com.CucumberBdd.feature.CalculatorImpl" name="runScenario" time="0.080"/>
  <system-out/>
  <testcase classname="epam.com.CucumberBdd.feature.CalculatorImpl" name="runScenario" time="0.056"/>
  <system-out/>
  <testcase classname="epam.com.CucumberBdd.feature.CalculatorImpl" name="runScenario" time="0.058"/>
  <system-out/>
  <testcase classname="epam.com.CucumberBdd.feature.CalculatorImpl" name="runScenario" time="0.100"/>
  <system-out/>
</testsuite> <!-- epam.com.CucumberBdd.feature.CalculatorImpl -->
