<?xml version="1.0" encoding="UTF-8"?>
<!-- Generated by org.testng.reporters.JUnitReportReporter -->
<testsuite hostname="EPINPUNW039D" failures="0" tests="1" name="epam.com.SelfPractice.SwitchtoMultipleWindows" time="9.953" errors="0" timestamp="2022-03-06T21:14:35 IST" skipped="0">
  <testcase classname="epam.com.SelfPractice.SwitchtoMultipleWindows" name="setup" time="9.953"/>
  <system-out/>
</testsuite> <!-- epam.com.SelfPractice.SwitchtoMultipleWindows -->
