<?xml version="1.0" encoding="UTF-8"?>
<!-- Generated by org.testng.reporters.JUnitReportReporter -->
<testsuite hostname="EPINPUNW039D" failures="0" tests="1" name="epam.com.SelfPractice.AfterTestandBeforeTest" time="0.008" errors="0" timestamp="2022-02-26T18:30:45 IST" skipped="0">
  <testcase classname="epam.com.SelfPractice.AfterTestandBeforeTest" name="beforetest" time="0.008"/>
  <system-out/>
</testsuite> <!-- epam.com.SelfPractice.AfterTestandBeforeTest -->
