<?xml version="1.0" encoding="UTF-8"?>
<!-- Generated by org.testng.reporters.JUnitReportReporter -->
<testsuite hostname="EPINPUNW039D" failures="0" tests="5" name="epam.com.SelfPractice.GroupsClassTestng" time="0.009" errors="0" timestamp="2022-02-26T18:30:45 IST" skipped="0">
  <testcase classname="epam.com.SelfPractice.GroupsClassTestng" name="bgroupMethod" time="0.002"/>
  <system-out/>
  <testcase classname="epam.com.SelfPractice.GroupsClassTestng" name="fromAgroup" time="0.002"/>
  <system-out/>
  <testcase classname="epam.com.SelfPractice.GroupsClassTestng" name="atest" time="0.001"/>
  <system-out/>
  <testcase classname="epam.com.SelfPractice.GroupsClassTestng" name="afterClassmethod" time="0.002"/>
  <system-out/>
  <testcase classname="epam.com.SelfPractice.GroupsClassTestng" name="priorityMethod" time="0.002"/>
  <system-out/>
</testsuite> <!-- epam.com.SelfPractice.GroupsClassTestng -->
