<?xml version="1.0" encoding="UTF-8"?>
<!-- Generated by org.testng.reporters.JUnitReportReporter -->
<testsuite hostname="EPINPUNW039D" failures="0" tests="1" name="epam.com.SelfPractice.WindowHandles" time="18.006" errors="0" timestamp="2022-03-06T15:10:46 IST" skipped="0">
  <testcase classname="epam.com.SelfPractice.WindowHandles" name="setup" time="18.006"/>
  <system-out/>
</testsuite> <!-- epam.com.SelfPractice.WindowHandles -->
