<?xml version="1.0" encoding="UTF-8"?>
<!-- Generated by org.testng.reporters.JUnitReportReporter -->
<testsuite hostname="EPINPUNW039D" failures="0" tests="4" name="epam.com.SelfPractice.PriorityAfterclassBeforeEg" time="0.010" errors="0" timestamp="2022-02-26T18:30:45 IST" skipped="0">
  <testcase classname="epam.com.SelfPractice.PriorityAfterclassBeforeEg" name="priorityMethod" time="0.002"/>
  <system-out/>
  <testcase classname="epam.com.SelfPractice.PriorityAfterclassBeforeEg" name="atest" time="0.002"/>
  <system-out/>
  <testcase classname="epam.com.SelfPractice.PriorityAfterclassBeforeEg" name="afterClassmethod" time="0.005"/>
  <system-out/>
  <testcase classname="epam.com.SelfPractice.PriorityAfterclassBeforeEg" name="beforeClassMethod" time="0.001"/>
  <system-out/>
</testsuite> <!-- epam.com.SelfPractice.PriorityAfterclassBeforeEg -->
