<?xml version="1.0" encoding="UTF-8"?>
<!-- Generated by org.testng.reporters.JUnitReportReporter -->
<testsuite hostname="EPINPUNW039D" failures="0" tests="2" name="epam.com.SelfPractice.ListnersClassPractice" time="0.018" errors="0" timestamp="2022-02-22T21:58:09 IST" skipped="1">
  <testcase classname="epam.com.SelfPractice.ListnersClassPractice" name="emailId" time="0.018"/>
  <system-out/>
  <testcase classname="epam.com.SelfPractice.ListnersClassPractice" name="companyId">
    <skipped/>
  </testcase> <!-- companyId -->
  <system-out/>
</testsuite> <!-- epam.com.SelfPractice.ListnersClassPractice -->
