<?xml version="1.0" encoding="UTF-8"?>
<!-- Generated by org.testng.reporters.JUnitReportReporter -->
<testsuite hostname="EPINPUNW039D" failures="0" tests="2" name="epam.com.SelfPractice.WebDriver" time="38.008" errors="0" timestamp="2022-02-26T18:30:45 IST" skipped="0">
  <testcase classname="epam.com.SelfPractice.WebDriver" name="LoadWebChromeDriver" time="15.024"/>
  <system-out/>
  <testcase classname="epam.com.SelfPractice.WebDriver" name="LoadWebDriver" time="22.984"/>
  <system-out/>
</testsuite> <!-- epam.com.SelfPractice.WebDriver -->
