<?xml version="1.0" encoding="UTF-8"?>
<!-- Generated by org.testng.reporters.JUnitReportReporter -->
<testsuite hostname="EPINPUNW039D" failures="0" tests="1" name="epam.com.SelfPractice.GoogleSearch" time="12.095" errors="0" timestamp="2022-02-26T18:30:45 IST" skipped="0">
  <testcase classname="epam.com.SelfPractice.GoogleSearch" name="setup" time="12.095"/>
  <system-out/>
</testsuite> <!-- epam.com.SelfPractice.GoogleSearch -->
