<?xml version="1.0" encoding="UTF-8"?>
<!-- Generated by org.testng.reporters.JUnitReportReporter -->
<testsuite hostname="EPINPUNW039D" failures="0" tests="1" name="epam.com.SelfPractice.POM.CheckBox" time="7.939" errors="0" timestamp="2022-03-07T21:18:32 IST" skipped="0">
  <testcase classname="epam.com.SelfPractice.POM.CheckBox" name="set" time="7.939"/>
  <system-out/>
</testsuite> <!-- epam.com.SelfPractice.POM.CheckBox -->
