<?xml version="1.0" encoding="UTF-8"?>
<!-- Generated by org.testng.reporters.JUnitReportReporter -->
<testsuite hostname="EPINPUNW039D" failures="0" tests="2" name="epam.com.SelfPractice.ImplementingAllWebElements" time="13.330" errors="0" timestamp="2022-03-06T14:21:58 IST" skipped="0">
  <testcase classname="epam.com.SelfPractice.ImplementingAllWebElements" name="setup" time="7.383"/>
  <system-out/>
  <testcase classname="epam.com.SelfPractice.ImplementingAllWebElements" name="credentails" time="5.947"/>
  <system-out/>
</testsuite> <!-- epam.com.SelfPractice.ImplementingAllWebElements -->
