<?xml version="1.0" encoding="UTF-8"?>
<!-- Generated by org.testng.reporters.JUnitReportReporter -->
<testsuite hostname="EPINPUNW039D" failures="0" tests="2" name="epam.com.SelfPractice.PracticingWithWebDriverSetUp" time="12.015" errors="0" timestamp="2022-02-26T18:30:45 IST" skipped="0">
  <testcase classname="epam.com.SelfPractice.PracticingWithWebDriverSetUp" name="browserTest" time="9.474"/>
  <system-out/>
  <testcase classname="epam.com.SelfPractice.PracticingWithWebDriverSetUp" name="setup" time="2.541"/>
  <system-out/>
</testsuite> <!-- epam.com.SelfPractice.PracticingWithWebDriverSetUp -->
