<?xml version="1.0" encoding="UTF-8"?>
<!-- Generated by org.testng.reporters.JUnitReportReporter -->
<testsuite hostname="EPINPUNW039D" failures="0" tests="2" name="epam.com.SelfPractice.ListenersClassPractice" time="0.006" errors="0" timestamp="2022-02-26T18:30:45 IST" skipped="0">
  <testcase classname="epam.com.SelfPractice.ListenersClassPractice" name="companyId" time="0.005"/>
  <system-out/>
  <testcase classname="epam.com.SelfPractice.ListenersClassPractice" name="emailId" time="0.001"/>
  <system-out/>
</testsuite> <!-- epam.com.SelfPractice.ListenersClassPractice -->
