<?xml version="1.0" encoding="UTF-8"?>
<!-- Generated by org.testng.reporters.JUnitReportReporter -->
<testsuite hostname="EPINPUNW039D" failures="0" tests="6" name="UiUsingSelenium.TestLoginPage" time="79.843" errors="0" timestamp="2022-03-11T10:34:02 IST" skipped="0">
  <testcase classname="UiUsingSelenium.TestLoginPage" name="testOrangeHrmPage" time="9.482"/>
  <system-out/>
  <testcase classname="UiUsingSelenium.TestLoginPage" name="navigatingToAttendanceMenu" time="1.062"/>
  <system-out/>
  <testcase classname="UiUsingSelenium.TestLoginPage" name="testingWithTimeAndDateInPunchInPage" time="23.862"/>
  <system-out/>
  <testcase classname="UiUsingSelenium.TestLoginPage" name="testingPunchOutWithGivingInvalidTime" time="16.186"/>
  <system-out/>
  <testcase classname="UiUsingSelenium.TestLoginPage" name="testingTotalTimeHoursOnAttendanceSheet" time="13.457"/>
  <system-out/>
  <testcase classname="UiUsingSelenium.TestLoginPage" name="testingDeletingMsgOnAttendanceSheet" time="15.794"/>
  <system-out/>
</testsuite> <!-- UiUsingSelenium.TestLoginPage -->
