<?xml version="1.0" encoding="UTF-8"?>
<!-- Generated by org.testng.reporters.JUnitReportReporter -->
<testsuite hostname="EPINPUNW039D" failures="0" tests="2" name="epam.com.SeleniumTool.LoginPageListnerImpl.LoginClassEg" time="28.332" errors="0" timestamp="2022-02-22T18:31:00 IST" skipped="0">
  <testcase classname="epam.com.SeleniumTool.LoginPageListnerImpl.LoginClassEg" name="testLogin1" time="0.003"/>
  <system-out/>
  <testcase classname="epam.com.SeleniumTool.LoginPageListnerImpl.LoginClassEg" name="testfailure" time="28.329"/>
  <system-out/>
</testsuite> <!-- epam.com.SeleniumTool.LoginPageListnerImpl.LoginClassEg -->
