<?xml version="1.0" encoding="UTF-8"?>
<!-- Generated by org.testng.reporters.JUnitReportReporter -->
<testsuite hostname="EPINPUNW039D" failures="0" tests="1" name="epam.com.SeleniumTestCases.RadioButtonandCheckBox" time="35.833" errors="0" timestamp="2022-02-17T22:31:43 IST" skipped="0">
  <testcase classname="epam.com.SeleniumTestCases.RadioButtonandCheckBox" name="radioButton" time="35.833"/>
  <system-out/>
</testsuite> <!-- epam.com.SeleniumTestCases.RadioButtonandCheckBox -->
