<?xml version="1.0" encoding="UTF-8"?>
<!-- Generated by org.testng.reporters.JUnitReportReporter -->
<testsuite hostname="EPINPUNW039D" failures="0" tests="2" name="epam.com.SeleniumTool.LoginPageListnerImpl.TestLoginForListeners" time="8.028" errors="0" timestamp="2022-02-22T19:11:33 IST" skipped="0">
  <testcase classname="epam.com.SeleniumTool.LoginPageListnerImpl.TestLoginForListeners" name="testfailure" time="8.022"/>
  <system-out/>
  <testcase classname="epam.com.SeleniumTool.LoginPageListnerImpl.TestLoginForListeners" name="testLogin1" time="0.006"/>
  <system-out/>
</testsuite> <!-- epam.com.SeleniumTool.LoginPageListnerImpl.TestLoginForListeners -->
