<?xml version="1.0" encoding="UTF-8"?>
<!-- Generated by org.testng.reporters.JUnitReportReporter -->
<testsuite hostname="EPINPUNW039D" failures="0" tests="1" name="epam.com.POM_Assignment.AppTest" time="0.007" errors="0" timestamp="2022-02-23T23:08:34 IST" skipped="0">
  <testcase classname="epam.com.POM_Assignment.AppTest" name="shouldAnswerWithTrue" time="0.007"/>
  <system-out/>
</testsuite> <!-- epam.com.POM_Assignment.AppTest -->
