<?xml version="1.0" encoding="UTF-8"?>
<!-- Generated by org.testng.reporters.JUnitReportReporter -->
<testsuite hostname="EPINPUNW039D" failures="0" tests="3" name="epam.com.OrangerHRM.DriverFactory.TestLoginPage.TestLoginPage" time="22.881" errors="0" timestamp="2022-02-23T23:32:57 IST" skipped="0">
  <testcase classname="epam.com.OrangerHRM.DriverFactory.TestLoginPage.TestLoginPage" name="testLoginWithProxyJavascript" time="8.711"/>
  <system-out/>
  <testcase classname="epam.com.OrangerHRM.DriverFactory.TestLoginPage.TestLoginPage" name="testLoginWithProxy" time="9.278"/>
  <system-out/>
  <testcase classname="epam.com.OrangerHRM.DriverFactory.TestLoginPage.TestLoginPage" name="testLoginWithValidCredentail" time="4.892"/>
  <system-out/>
</testsuite> <!-- epam.com.OrangerHRM.DriverFactory.TestLoginPage.TestLoginPage -->
